<?xml version="1.0" encoding="UTF-8"?>
<!-- Generated by org.testng.reporters.JUnitReportReporter -->
<testsuite skipped="0" hostname="AMM00571.local" name="employeesTest.TestEmployees" tests="4" failures="0" timestamp="13 Jan 2020 12:11:30 GMT" time="332.053" errors="0">
  <testcase name="testAdvertisements" time="52.628" classname="employeesTest.TestEmployees"/>
  <testcase name="testCreateDeleteEmployeesAndRemoveAdvertisement" time="258.980" classname="employeesTest.TestEmployees"/>
  <testcase name="testMandateFieldsEmployee" time="9.947" classname="employeesTest.TestEmployees"/>
  <testcase name="testDeleteEmployees" time="10.498" classname="employeesTest.TestEmployees"/>
</testsuite> <!-- employeesTest.TestEmployees -->
