<?xml version="1.0" encoding="UTF-8"?>
<!-- Generated by org.testng.reporters.JUnitReportReporter -->
<testsuite skipped="0" hostname="AMM00571.local" name="employeesTest.TestMandateFields" tests="3" failures="0" timestamp="13 Jan 2020 08:13:46 GMT" time="72.451" errors="0">
  <testcase name="testMandateFieldsEmployee" time="8.891" classname="employeesTest.TestMandateFields"/>
  <testcase name="testAdvertisements" time="50.709" classname="employeesTest.TestMandateFields"/>
  <testcase name="testDeleteEmployees" time="12.851" classname="employeesTest.TestMandateFields"/>
</testsuite> <!-- employeesTest.TestMandateFields -->
